<?xml version="1.0" encoding="UTF-8"?>
<testng-results ignored="0" total="0" passed="0" failed="0" skipped="0">
  <reporter-output>
  </reporter-output>
  <suite started-at="2019-11-16T12:50:22Z" name="com.demo.project.AbstractChromeWebDriverTest" finished-at="2019-11-16T12:50:30Z" duration-ms="8696">
    <groups>
    </groups>
    <test started-at="2019-11-16T12:50:22Z" name="Command line test" finished-at="2019-11-16T12:50:30Z" duration-ms="8696">
      <class name="com.demo.project.AbstractChromeWebDriverTest">
        <test-method is-config="true" signature="beforeTest()[pri:0, instance:com.demo.project.AbstractChromeWebDriverTest@26aa12dd]" started-at="2019-11-16T12:50:22Z" name="beforeTest" finished-at="2019-11-16T12:50:30Z" duration-ms="8496" status="PASS">
          <reporter-output>
          </reporter-output>
        </test-method> <!-- beforeTest -->
        <test-method is-config="true" signature="afterTest()[pri:0, instance:com.demo.project.AbstractChromeWebDriverTest@26aa12dd]" started-at="2019-11-16T12:50:30Z" name="afterTest" finished-at="2019-11-16T12:50:30Z" duration-ms="179" status="PASS">
          <reporter-output>
          </reporter-output>
        </test-method> <!-- afterTest -->
      </class> <!-- com.demo.project.AbstractChromeWebDriverTest -->
    </test> <!-- Command line test -->
  </suite> <!-- com.demo.project.AbstractChromeWebDriverTest -->
</testng-results>
