<?xml version="1.0" encoding="UTF-8"?>
<testng-results skipped="0" failed="0" ignored="0" total="0" passed="0">
  <reporter-output>
  </reporter-output>
  <suite name="com.demo.project.AbstractChromeWebDriverTest" duration-ms="3919" started-at="2019-11-18T07:22:42Z" finished-at="2019-11-18T07:22:45Z">
    <groups>
    </groups>
    <test name="Command line test" duration-ms="3919" started-at="2019-11-18T07:22:42Z" finished-at="2019-11-18T07:22:45Z">
      <class name="com.demo.project.AbstractChromeWebDriverTest">
        <test-method status="PASS" signature="beforeTest()[pri:0, instance:com.demo.project.AbstractChromeWebDriverTest@38082d64]" name="beforeTest" is-config="true" duration-ms="3827" started-at="2019-11-18T07:22:42Z" finished-at="2019-11-18T07:22:45Z">
          <reporter-output>
          </reporter-output>
        </test-method> <!-- beforeTest -->
        <test-method status="PASS" signature="afterTest()[pri:0, instance:com.demo.project.AbstractChromeWebDriverTest@38082d64]" name="afterTest" is-config="true" duration-ms="88" started-at="2019-11-18T07:22:45Z" finished-at="2019-11-18T07:22:45Z">
          <reporter-output>
          </reporter-output>
        </test-method> <!-- afterTest -->
      </class> <!-- com.demo.project.AbstractChromeWebDriverTest -->
    </test> <!-- Command line test -->
  </suite> <!-- com.demo.project.AbstractChromeWebDriverTest -->
</testng-results>
